<?xml version="1.0" encoding="UTF-8"?>
<testsuite xmlns:xsi="http://www.w3.org/2001/XMLSchema-instance" xsi:noNamespaceSchemaLocation="https://maven.apache.org/surefire/maven-surefire-plugin/xsd/surefire-test-report.xsd" name="testGit.AppTest" time="0.043" tests="1" errors="0" skipped="0" failures="0">
  <properties>
    <property name="sun.desktop" value="windows"/>
    <property name="awt.toolkit" value="sun.awt.windows.WToolkit"/>
    <property name="file.encoding.pkg" value="sun.io"/>
    <property name="java.specification.version" value="1.8"/>
    <property name="sun.cpu.isalist" value="amd64"/>
    <property name="sun.jnu.encoding" value="Cp1251"/>
    <property name="java.class.path" value="C:\Users\Tima\Desktop\байда\testGitAndTDD\target\test-classes;C:\Users\Tima\Desktop\байда\testGitAndTDD\target\classes;C:\Users\Tima\.m2\repository\junit\junit\4.12\junit-4.12.jar;C:\Users\Tima\.m2\repository\org\hamcrest\hamcrest-core\1.3\hamcrest-core-1.3.jar;"/>
    <property name="java.vm.vendor" value="Oracle Corporation"/>
    <property name="sun.arch.data.model" value="64"/>
    <property name="user.variant" value=""/>
    <property name="java.vendor.url" value="http://java.oracle.com/"/>
    <property name="user.timezone" value="Europe/Helsinki"/>
    <property name="user.country.format" value="UA"/>
    <property name="java.vm.specification.version" value="1.8"/>
    <property name="os.name" value="Windows 10"/>
    <property name="user.country" value="RU"/>
    <property name="sun.java.launcher" value="SUN_STANDARD"/>
    <property name="sun.boot.library.path" value="D:\ProgramingLanguage\Java\jdk1.8.0_231\jre\bin"/>
    <property name="sun.java.command" value="C:\Users\Tima\AppData\Local\Temp\surefire3950380052208767883\surefirebooter864527678069208579.jar C:\Users\Tima\AppData\Local\Temp\surefire3950380052208767883 2019-11-24T15-11-02_985-jvmRun1 surefire7214037520058191193tmp surefire_08898192976552602850tmp"/>
    <property name="surefire.test.class.path" value="C:\Users\Tima\Desktop\байда\testGitAndTDD\target\test-classes;C:\Users\Tima\Desktop\байда\testGitAndTDD\target\classes;C:\Users\Tima\.m2\repository\junit\junit\4.12\junit-4.12.jar;C:\Users\Tima\.m2\repository\org\hamcrest\hamcrest-core\1.3\hamcrest-core-1.3.jar;"/>
    <property name="sun.cpu.endian" value="little"/>
    <property name="user.home" value="C:\Users\Tima"/>
    <property name="user.language" value="ru"/>
    <property name="java.specification.vendor" value="Oracle Corporation"/>
    <property name="java.home" value="D:\ProgramingLanguage\Java\jdk1.8.0_231\jre"/>
    <property name="basedir" value="C:\Users\Tima\Desktop\байда\testGitAndTDD"/>
    <property name="file.separator" value="\"/>
    <property name="line.separator" value="&#10;"/>
    <property name="idea.version2019.2.3" value="true"/>
    <property name="java.vm.specification.vendor" value="Oracle Corporation"/>
    <property name="java.specification.name" value="Java Platform API Specification"/>
    <property name="java.awt.graphicsenv" value="sun.awt.Win32GraphicsEnvironment"/>
    <property name="surefire.real.class.path" value="C:\Users\Tima\AppData\Local\Temp\surefire3950380052208767883\surefirebooter864527678069208579.jar"/>
    <property name="sun.boot.class.path" value="D:\ProgramingLanguage\Java\jdk1.8.0_231\jre\lib\resources.jar;D:\ProgramingLanguage\Java\jdk1.8.0_231\jre\lib\rt.jar;D:\ProgramingLanguage\Java\jdk1.8.0_231\jre\lib\sunrsasign.jar;D:\ProgramingLanguage\Java\jdk1.8.0_231\jre\lib\jsse.jar;D:\ProgramingLanguage\Java\jdk1.8.0_231\jre\lib\jce.jar;D:\ProgramingLanguage\Java\jdk1.8.0_231\jre\lib\charsets.jar;D:\ProgramingLanguage\Java\jdk1.8.0_231\jre\lib\jfr.jar;D:\ProgramingLanguage\Java\jdk1.8.0_231\jre\classes"/>
    <property name="user.script" value=""/>
    <property name="sun.management.compiler" value="HotSpot 64-Bit Tiered Compilers"/>
    <property name="java.runtime.version" value="1.8.0_231-b11"/>
    <property name="user.name" value="Tima"/>
    <property name="path.separator" value=";"/>
    <property name="os.version" value="10.0"/>
    <property name="java.endorsed.dirs" value="D:\ProgramingLanguage\Java\jdk1.8.0_231\jre\lib\endorsed"/>
    <property name="java.runtime.name" value="Java(TM) SE Runtime Environment"/>
    <property name="file.encoding" value="Cp1251"/>
    <property name="java.vm.name" value="Java HotSpot(TM) 64-Bit Server VM"/>
    <property name="localRepository" value="C:\Users\Tima\.m2\repository"/>
    <property name="java.vendor.url.bug" value="http://bugreport.sun.com/bugreport/"/>
    <property name="java.io.tmpdir" value="C:\Users\Tima\AppData\Local\Temp\"/>
    <property name="java.version" value="1.8.0_231"/>
    <property name="user.dir" value="C:\Users\Tima\Desktop\байда\testGitAndTDD"/>
    <property name="os.arch" value="amd64"/>
    <property name="java.vm.specification.name" value="Java Virtual Machine Specification"/>
    <property name="java.awt.printerjob" value="sun.awt.windows.WPrinterJob"/>
    <property name="sun.os.patch.level" value=""/>
    <property name="java.library.path" value="D:\ProgramingLanguage\Java\jdk1.8.0_231\jre\bin;C:\Windows\Sun\Java\bin;C:\Windows\system32;C:\Windows;C:\Program Files (x86)\Common Files\Oracle\Java\javapath;C:\Windows\system32;C:\Windows;C:\Windows\System32\Wbem;C:\Windows\System32\WindowsPowerShell\v1.0\;C:\Windows\System32\OpenSSH\;C:\Program Files (x86)\NVIDIA Corporation\PhysX\Common;C:\Program Files\NVIDIA Corporation\NVIDIA NvDLISR;C:\Program Files (x86)\Intel\Intel(R) Management Engine Components\DAL;C:\Program Files\Intel\Intel(R) Management Engine Components\DAL;C:\Program Files\Microsoft SQL Server\130\Tools\Binn\;C:\Program Files\dotnet\;C:\Program Files\Microsoft SQL Server\Client SDK\ODBC\170\Tools\Binn\;C:\Program Files\Git\cmd;D:\ProgramingLanguage\Python\Python38-23\Scripts\;D:\ProgramingLanguage\Python\Python38-23\;D:\Programing Language\Python\Python38-32\Scripts\;D:\Programing Language\Python\Python38-32\;C:\Program Files\MySQL\MySQL Shell 8.0\bin\;C:\Users\Tima\AppData\Local\Microsoft\WindowsApps;D:\Programing Soft\JetBrains\IntelliJ IDEA Community Edition 2019.2.3\bin;C:\Users\Tima\AppData\Local\GitHubDesktop\bin;D:\Programing Soft\JetBrains\PyCharm Community Edition 2019.2.4\bin;;D:\Programing Soft\apache-maven-3.6.2\bin;D:\ProgramingLanguage\Java\jdk1.8.0_231\bin;D:\Programing Soft\apache-maven-3.6.2\bin;;."/>
    <property name="java.vm.info" value="mixed mode"/>
    <property name="java.vendor" value="Oracle Corporation"/>
    <property name="java.vm.version" value="25.231-b11"/>
    <property name="java.ext.dirs" value="D:\ProgramingLanguage\Java\jdk1.8.0_231\jre\lib\ext;C:\Windows\Sun\Java\lib\ext"/>
    <property name="sun.io.unicode.encoding" value="UnicodeLittle"/>
    <property name="java.class.version" value="52.0"/>
  </properties>
  <testcase name="shouldAnswerWithTrue" classname="testGit.AppTest" time="0.001"/>
</testsuite>